{"/home/joao-vitor-seiji/Documentos/Trab_Gestão/backend/controllers/atendimentoController.js": {"path":"/home/joao-vitor-seiji/Documentos/Trab_Gestão/backend/controllers/atendimentoController.js","statementMap":{"0":{"start":{"line":1,"column":25},"end":{"line":1,"column":61}},"1":{"start":{"line":4,"column":0},"end":{"line":32,"column":2}},"2":{"start":{"line":5,"column":4},"end":{"line":31,"column":5}},"3":{"start":{"line":7,"column":71},"end":{"line":7,"column":79}},"4":{"start":{"line":10,"column":8},"end":{"line":12,"column":9}},"5":{"start":{"line":11,"column":12},"end":{"line":11,"column":78}},"6":{"start":{"line":13,"column":8},"end":{"line":15,"column":9}},"7":{"start":{"line":14,"column":12},"end":{"line":14,"column":101}},"8":{"start":{"line":18,"column":32},"end":{"line":24,"column":10}},"9":{"start":{"line":26,"column":8},"end":{"line":26,"column":46}},"10":{"start":{"line":29,"column":8},"end":{"line":29,"column":59}},"11":{"start":{"line":30,"column":8},"end":{"line":30,"column":93}},"12":{"start":{"line":35,"column":0},"end":{"line":52,"column":2}},"13":{"start":{"line":36,"column":4},"end":{"line":51,"column":5}},"14":{"start":{"line":38,"column":27},"end":{"line":38,"column":36}},"15":{"start":{"line":40,"column":21},"end":{"line":40,"column":23}},"16":{"start":{"line":42,"column":8},"end":{"line":44,"column":9}},"17":{"start":{"line":43,"column":12},"end":{"line":43,"column":43}},"18":{"start":{"line":46,"column":22},"end":{"line":46,"column":79}},"19":{"start":{"line":47,"column":8},"end":{"line":47,"column":24}},"20":{"start":{"line":49,"column":8},"end":{"line":49,"column":48}},"21":{"start":{"line":50,"column":8},"end":{"line":50,"column":73}},"22":{"start":{"line":55,"column":0},"end":{"line":74,"column":2}},"23":{"start":{"line":56,"column":4},"end":{"line":73,"column":5}},"24":{"start":{"line":57,"column":23},"end":{"line":57,"column":33}},"25":{"start":{"line":58,"column":27},"end":{"line":58,"column":35}},"26":{"start":{"line":60,"column":28},"end":{"line":64,"column":9}},"27":{"start":{"line":66,"column":8},"end":{"line":68,"column":9}},"28":{"start":{"line":67,"column":12},"end":{"line":67,"column":83}},"29":{"start":{"line":69,"column":8},"end":{"line":69,"column":30}},"30":{"start":{"line":71,"column":8},"end":{"line":71,"column":58}},"31":{"start":{"line":72,"column":8},"end":{"line":72,"column":70}}},"fnMap":{"0":{"name":"(anonymous_0)","decl":{"start":{"line":4,"column":27},"end":{"line":4,"column":28}},"loc":{"start":{"line":4,"column":47},"end":{"line":32,"column":1}},"line":4},"1":{"name":"(anonymous_1)","decl":{"start":{"line":35,"column":29},"end":{"line":35,"column":30}},"loc":{"start":{"line":35,"column":49},"end":{"line":52,"column":1}},"line":35},"2":{"name":"(anonymous_2)","decl":{"start":{"line":55,"column":26},"end":{"line":55,"column":27}},"loc":{"start":{"line":55,"column":46},"end":{"line":74,"column":1}},"line":55}},"branchMap":{"0":{"loc":{"start":{"line":10,"column":8},"end":{"line":12,"column":9}},"type":"if","locations":[{"start":{"line":10,"column":8},"end":{"line":12,"column":9}},{"start":{},"end":{}}],"line":10},"1":{"loc":{"start":{"line":10,"column":12},"end":{"line":10,"column":30}},"type":"binary-expr","locations":[{"start":{"line":10,"column":12},"end":{"line":10,"column":21}},{"start":{"line":10,"column":25},"end":{"line":10,"column":30}}],"line":10},"2":{"loc":{"start":{"line":13,"column":8},"end":{"line":15,"column":9}},"type":"if","locations":[{"start":{"line":13,"column":8},"end":{"line":15,"column":9}},{"start":{},"end":{}}],"line":13},"3":{"loc":{"start":{"line":13,"column":12},"end":{"line":13,"column":38}},"type":"binary-expr","locations":[{"start":{"line":13,"column":12},"end":{"line":13,"column":24}},{"start":{"line":13,"column":28},"end":{"line":13,"column":38}}],"line":13},"4":{"loc":{"start":{"line":42,"column":8},"end":{"line":44,"column":9}},"type":"if","locations":[{"start":{"line":42,"column":8},"end":{"line":44,"column":9}},{"start":{},"end":{}}],"line":42},"5":{"loc":{"start":{"line":66,"column":8},"end":{"line":68,"column":9}},"type":"if","locations":[{"start":{"line":66,"column":8},"end":{"line":68,"column":9}},{"start":{},"end":{}}],"line":66}},"s":{"0":1,"1":1,"2":4,"3":4,"4":4,"5":1,"6":3,"7":1,"8":2,"9":1,"10":1,"11":1,"12":1,"13":3,"14":3,"15":3,"16":3,"17":1,"18":3,"19":2,"20":1,"21":1,"22":1,"23":3,"24":3,"25":3,"26":3,"27":2,"28":1,"29":1,"30":1,"31":1},"f":{"0":4,"1":3,"2":3},"b":{"0":[1,3],"1":[4,3],"2":[1,2],"3":[3,3],"4":[1,2],"5":[1,1]},"_coverageSchema":"1a1c01bbd47fc00a2c39e90264f33305004495a9","hash":"58e1fda6532c1e05ff752e931e3bcdc080c7764f"}
,"/home/joao-vitor-seiji/Documentos/Trab_Gestão/backend/controllers/auth.controller.js": {"path":"/home/joao-vitor-seiji/Documentos/Trab_Gestão/backend/controllers/auth.controller.js","statementMap":{"0":{"start":{"line":1,"column":20},"end":{"line":1,"column":54}},"1":{"start":{"line":3,"column":28},"end":{"line":23,"column":1}},"2":{"start":{"line":4,"column":4},"end":{"line":22,"column":5}},"3":{"start":{"line":5,"column":34},"end":{"line":5,"column":42}},"4":{"start":{"line":6,"column":30},"end":{"line":6,"column":77}},"5":{"start":{"line":7,"column":8},"end":{"line":14,"column":11}},"6":{"start":{"line":16,"column":8},"end":{"line":18,"column":5}},"7":{"start":{"line":17,"column":6},"end":{"line":17,"column":61}},"8":{"start":{"line":20,"column":4},"end":{"line":20,"column":25}},"9":{"start":{"line":21,"column":4},"end":{"line":21,"column":66}},"10":{"start":{"line":26,"column":0},"end":{"line":26,"column":38}}},"fnMap":{"0":{"name":"(anonymous_0)","decl":{"start":{"line":3,"column":28},"end":{"line":3,"column":29}},"loc":{"start":{"line":3,"column":47},"end":{"line":23,"column":1}},"line":3}},"branchMap":{"0":{"loc":{"start":{"line":16,"column":8},"end":{"line":18,"column":5}},"type":"if","locations":[{"start":{"line":16,"column":8},"end":{"line":18,"column":5}},{"start":{},"end":{}}],"line":16},"1":{"loc":{"start":{"line":16,"column":12},"end":{"line":16,"column":91}},"type":"binary-expr","locations":[{"start":{"line":16,"column":12},"end":{"line":16,"column":53}},{"start":{"line":16,"column":57},"end":{"line":16,"column":91}}],"line":16}},"s":{"0":1,"1":1,"2":4,"3":4,"4":4,"5":1,"6":3,"7":2,"8":1,"9":0,"10":1},"f":{"0":4},"b":{"0":[2,1],"1":[3,2]},"_coverageSchema":"1a1c01bbd47fc00a2c39e90264f33305004495a9","hash":"8a611b387be0c1c8ea9a0a80505a6e1f9edfbf0f"}
,"/home/joao-vitor-seiji/Documentos/Trab_Gestão/backend/controllers/productController.js": {"path":"/home/joao-vitor-seiji/Documentos/Trab_Gestão/backend/controllers/productController.js","statementMap":{"0":{"start":{"line":1,"column":23},"end":{"line":1,"column":59}},"1":{"start":{"line":2,"column":17},"end":{"line":2,"column":36}},"2":{"start":{"line":5,"column":34},"end":{"line":16,"column":1}},"3":{"start":{"line":6,"column":2},"end":{"line":15,"column":3}},"4":{"start":{"line":7,"column":21},"end":{"line":7,"column":66}},"5":{"start":{"line":8,"column":4},"end":{"line":10,"column":5}},"6":{"start":{"line":9,"column":6},"end":{"line":9,"column":77}},"7":{"start":{"line":11,"column":4},"end":{"line":11,"column":42}},"8":{"start":{"line":13,"column":4},"end":{"line":13,"column":25}},"9":{"start":{"line":14,"column":4},"end":{"line":14,"column":104}},"10":{"start":{"line":19,"column":34},"end":{"line":34,"column":1}},"11":{"start":{"line":20,"column":2},"end":{"line":33,"column":3}},"12":{"start":{"line":21,"column":15},"end":{"line":21,"column":28}},"13":{"start":{"line":22,"column":4},"end":{"line":24,"column":5}},"14":{"start":{"line":23,"column":6},"end":{"line":23,"column":63}},"15":{"start":{"line":26,"column":20},"end":{"line":26,"column":67}},"16":{"start":{"line":27,"column":4},"end":{"line":27,"column":86}},"17":{"start":{"line":27,"column":18},"end":{"line":27,"column":86}},"18":{"start":{"line":29,"column":4},"end":{"line":29,"column":41}},"19":{"start":{"line":31,"column":4},"end":{"line":31,"column":25}},"20":{"start":{"line":32,"column":4},"end":{"line":32,"column":79}},"21":{"start":{"line":37,"column":32},"end":{"line":81,"column":1}},"22":{"start":{"line":38,"column":2},"end":{"line":80,"column":3}},"23":{"start":{"line":52,"column":8},"end":{"line":52,"column":16}},"24":{"start":{"line":54,"column":4},"end":{"line":56,"column":5}},"25":{"start":{"line":55,"column":6},"end":{"line":55,"column":81}},"26":{"start":{"line":58,"column":20},"end":{"line":71,"column":6}},"27":{"start":{"line":73,"column":4},"end":{"line":76,"column":7}},"28":{"start":{"line":78,"column":4},"end":{"line":78,"column":25}},"29":{"start":{"line":79,"column":4},"end":{"line":79,"column":78}},"30":{"start":{"line":84,"column":32},"end":{"line":104,"column":1}},"31":{"start":{"line":85,"column":2},"end":{"line":103,"column":3}},"32":{"start":{"line":86,"column":15},"end":{"line":86,"column":28}},"33":{"start":{"line":87,"column":17},"end":{"line":87,"column":25}},"34":{"start":{"line":89,"column":4},"end":{"line":91,"column":5}},"35":{"start":{"line":90,"column":6},"end":{"line":90,"column":63}},"36":{"start":{"line":93,"column":20},"end":{"line":93,"column":71}},"37":{"start":{"line":94,"column":4},"end":{"line":94,"column":86}},"38":{"start":{"line":94,"column":18},"end":{"line":94,"column":86}},"39":{"start":{"line":96,"column":4},"end":{"line":99,"column":7}},"40":{"start":{"line":101,"column":4},"end":{"line":101,"column":25}},"41":{"start":{"line":102,"column":4},"end":{"line":102,"column":82}},"42":{"start":{"line":107,"column":32},"end":{"line":122,"column":1}},"43":{"start":{"line":108,"column":2},"end":{"line":121,"column":3}},"44":{"start":{"line":109,"column":15},"end":{"line":109,"column":28}},"45":{"start":{"line":110,"column":4},"end":{"line":112,"column":5}},"46":{"start":{"line":111,"column":6},"end":{"line":111,"column":63}},"47":{"start":{"line":114,"column":20},"end":{"line":114,"column":69}},"48":{"start":{"line":115,"column":4},"end":{"line":115,"column":86}},"49":{"start":{"line":115,"column":18},"end":{"line":115,"column":86}},"50":{"start":{"line":117,"column":4},"end":{"line":117,"column":78}},"51":{"start":{"line":119,"column":4},"end":{"line":119,"column":25}},"52":{"start":{"line":120,"column":4},"end":{"line":120,"column":80}},"53":{"start":{"line":125,"column":33},"end":{"line":146,"column":1}},"54":{"start":{"line":126,"column":2},"end":{"line":145,"column":3}},"55":{"start":{"line":127,"column":39},"end":{"line":127,"column":47}},"56":{"start":{"line":128,"column":20},"end":{"line":128,"column":78}},"57":{"start":{"line":130,"column":4},"end":{"line":130,"column":85}},"58":{"start":{"line":130,"column":18},"end":{"line":130,"column":85}},"59":{"start":{"line":132,"column":4},"end":{"line":132,"column":54}},"60":{"start":{"line":133,"column":4},"end":{"line":138,"column":7}},"61":{"start":{"line":140,"column":4},"end":{"line":140,"column":25}},"62":{"start":{"line":141,"column":4},"end":{"line":141,"column":76}},"63":{"start":{"line":143,"column":4},"end":{"line":143,"column":24}},"64":{"start":{"line":144,"column":4},"end":{"line":144,"column":80}},"65":{"start":{"line":149,"column":31},"end":{"line":173,"column":1}},"66":{"start":{"line":150,"column":2},"end":{"line":172,"column":3}},"67":{"start":{"line":151,"column":39},"end":{"line":151,"column":47}},"68":{"start":{"line":152,"column":20},"end":{"line":152,"column":78}},"69":{"start":{"line":154,"column":4},"end":{"line":154,"column":85}},"70":{"start":{"line":154,"column":18},"end":{"line":154,"column":85}},"71":{"start":{"line":155,"column":4},"end":{"line":157,"column":5}},"72":{"start":{"line":156,"column":6},"end":{"line":156,"column":71}},"73":{"start":{"line":159,"column":4},"end":{"line":159,"column":54}},"74":{"start":{"line":160,"column":4},"end":{"line":165,"column":7}},"75":{"start":{"line":167,"column":4},"end":{"line":167,"column":25}},"76":{"start":{"line":168,"column":4},"end":{"line":168,"column":74}},"77":{"start":{"line":170,"column":4},"end":{"line":170,"column":24}},"78":{"start":{"line":171,"column":4},"end":{"line":171,"column":78}},"79":{"start":{"line":176,"column":41},"end":{"line":187,"column":1}},"80":{"start":{"line":177,"column":2},"end":{"line":186,"column":3}},"81":{"start":{"line":178,"column":21},"end":{"line":178,"column":70}},"82":{"start":{"line":179,"column":4},"end":{"line":181,"column":5}},"83":{"start":{"line":180,"column":6},"end":{"line":180,"column":84}},"84":{"start":{"line":182,"column":4},"end":{"line":182,"column":42}},"85":{"start":{"line":184,"column":4},"end":{"line":184,"column":24}},"86":{"start":{"line":185,"column":4},"end":{"line":185,"column":96}},"87":{"start":{"line":190,"column":48},"end":{"line":201,"column":1}},"88":{"start":{"line":191,"column":2},"end":{"line":200,"column":3}},"89":{"start":{"line":192,"column":21},"end":{"line":192,"column":77}},"90":{"start":{"line":193,"column":4},"end":{"line":195,"column":5}},"91":{"start":{"line":194,"column":6},"end":{"line":194,"column":87}},"92":{"start":{"line":196,"column":4},"end":{"line":196,"column":42}},"93":{"start":{"line":198,"column":4},"end":{"line":198,"column":24}},"94":{"start":{"line":199,"column":4},"end":{"line":199,"column":99}},"95":{"start":{"line":203,"column":0},"end":{"line":213,"column":2}}},"fnMap":{"0":{"name":"(anonymous_0)","decl":{"start":{"line":5,"column":34},"end":{"line":5,"column":35}},"loc":{"start":{"line":5,"column":54},"end":{"line":16,"column":1}},"line":5},"1":{"name":"(anonymous_1)","decl":{"start":{"line":19,"column":34},"end":{"line":19,"column":35}},"loc":{"start":{"line":19,"column":54},"end":{"line":34,"column":1}},"line":19},"2":{"name":"(anonymous_2)","decl":{"start":{"line":37,"column":32},"end":{"line":37,"column":33}},"loc":{"start":{"line":37,"column":52},"end":{"line":81,"column":1}},"line":37},"3":{"name":"(anonymous_3)","decl":{"start":{"line":84,"column":32},"end":{"line":84,"column":33}},"loc":{"start":{"line":84,"column":52},"end":{"line":104,"column":1}},"line":84},"4":{"name":"(anonymous_4)","decl":{"start":{"line":107,"column":32},"end":{"line":107,"column":33}},"loc":{"start":{"line":107,"column":52},"end":{"line":122,"column":1}},"line":107},"5":{"name":"(anonymous_5)","decl":{"start":{"line":125,"column":33},"end":{"line":125,"column":34}},"loc":{"start":{"line":125,"column":53},"end":{"line":146,"column":1}},"line":125},"6":{"name":"(anonymous_6)","decl":{"start":{"line":149,"column":31},"end":{"line":149,"column":32}},"loc":{"start":{"line":149,"column":51},"end":{"line":173,"column":1}},"line":149},"7":{"name":"(anonymous_7)","decl":{"start":{"line":176,"column":41},"end":{"line":176,"column":42}},"loc":{"start":{"line":176,"column":61},"end":{"line":187,"column":1}},"line":176},"8":{"name":"(anonymous_8)","decl":{"start":{"line":190,"column":48},"end":{"line":190,"column":49}},"loc":{"start":{"line":190,"column":68},"end":{"line":201,"column":1}},"line":190}},"branchMap":{"0":{"loc":{"start":{"line":8,"column":4},"end":{"line":10,"column":5}},"type":"if","locations":[{"start":{"line":8,"column":4},"end":{"line":10,"column":5}},{"start":{},"end":{}}],"line":8},"1":{"loc":{"start":{"line":8,"column":8},"end":{"line":8,"column":42}},"type":"binary-expr","locations":[{"start":{"line":8,"column":8},"end":{"line":8,"column":17}},{"start":{"line":8,"column":21},"end":{"line":8,"column":42}}],"line":8},"2":{"loc":{"start":{"line":14,"column":78},"end":{"line":14,"column":100}},"type":"binary-expr","locations":[{"start":{"line":14,"column":78},"end":{"line":14,"column":91}},{"start":{"line":14,"column":95},"end":{"line":14,"column":100}}],"line":14},"3":{"loc":{"start":{"line":22,"column":4},"end":{"line":24,"column":5}},"type":"if","locations":[{"start":{"line":22,"column":4},"end":{"line":24,"column":5}},{"start":{},"end":{}}],"line":22},"4":{"loc":{"start":{"line":27,"column":4},"end":{"line":27,"column":86}},"type":"if","locations":[{"start":{"line":27,"column":4},"end":{"line":27,"column":86}},{"start":{},"end":{}}],"line":27},"5":{"loc":{"start":{"line":54,"column":4},"end":{"line":56,"column":5}},"type":"if","locations":[{"start":{"line":54,"column":4},"end":{"line":56,"column":5}},{"start":{},"end":{}}],"line":54},"6":{"loc":{"start":{"line":54,"column":8},"end":{"line":54,"column":30}},"type":"binary-expr","locations":[{"start":{"line":54,"column":8},"end":{"line":54,"column":13}},{"start":{"line":54,"column":17},"end":{"line":54,"column":30}}],"line":54},"7":{"loc":{"start":{"line":65,"column":27},"end":{"line":65,"column":59}},"type":"binary-expr","locations":[{"start":{"line":65,"column":27},"end":{"line":65,"column":54}},{"start":{"line":65,"column":58},"end":{"line":65,"column":59}}],"line":65},"8":{"loc":{"start":{"line":66,"column":16},"end":{"line":66,"column":32}},"type":"binary-expr","locations":[{"start":{"line":66,"column":16},"end":{"line":66,"column":24}},{"start":{"line":66,"column":28},"end":{"line":66,"column":32}}],"line":66},"9":{"loc":{"start":{"line":68,"column":18},"end":{"line":68,"column":37}},"type":"binary-expr","locations":[{"start":{"line":68,"column":18},"end":{"line":68,"column":28}},{"start":{"line":68,"column":32},"end":{"line":68,"column":37}}],"line":68},"10":{"loc":{"start":{"line":69,"column":13},"end":{"line":69,"column":26}},"type":"binary-expr","locations":[{"start":{"line":69,"column":13},"end":{"line":69,"column":18}},{"start":{"line":69,"column":22},"end":{"line":69,"column":26}}],"line":69},"11":{"loc":{"start":{"line":70,"column":20},"end":{"line":70,"column":45}},"type":"binary-expr","locations":[{"start":{"line":70,"column":20},"end":{"line":70,"column":40}},{"start":{"line":70,"column":44},"end":{"line":70,"column":45}}],"line":70},"12":{"loc":{"start":{"line":89,"column":4},"end":{"line":91,"column":5}},"type":"if","locations":[{"start":{"line":89,"column":4},"end":{"line":91,"column":5}},{"start":{},"end":{}}],"line":89},"13":{"loc":{"start":{"line":94,"column":4},"end":{"line":94,"column":86}},"type":"if","locations":[{"start":{"line":94,"column":4},"end":{"line":94,"column":86}},{"start":{},"end":{}}],"line":94},"14":{"loc":{"start":{"line":110,"column":4},"end":{"line":112,"column":5}},"type":"if","locations":[{"start":{"line":110,"column":4},"end":{"line":112,"column":5}},{"start":{},"end":{}}],"line":110},"15":{"loc":{"start":{"line":115,"column":4},"end":{"line":115,"column":86}},"type":"if","locations":[{"start":{"line":115,"column":4},"end":{"line":115,"column":86}},{"start":{},"end":{}}],"line":115},"16":{"loc":{"start":{"line":130,"column":4},"end":{"line":130,"column":85}},"type":"if","locations":[{"start":{"line":130,"column":4},"end":{"line":130,"column":85}},{"start":{},"end":{}}],"line":130},"17":{"loc":{"start":{"line":136,"column":18},"end":{"line":136,"column":34}},"type":"binary-expr","locations":[{"start":{"line":136,"column":18},"end":{"line":136,"column":28}},{"start":{"line":136,"column":32},"end":{"line":136,"column":34}}],"line":136},"18":{"loc":{"start":{"line":154,"column":4},"end":{"line":154,"column":85}},"type":"if","locations":[{"start":{"line":154,"column":4},"end":{"line":154,"column":85}},{"start":{},"end":{}}],"line":154},"19":{"loc":{"start":{"line":155,"column":4},"end":{"line":157,"column":5}},"type":"if","locations":[{"start":{"line":155,"column":4},"end":{"line":157,"column":5}},{"start":{},"end":{}}],"line":155},"20":{"loc":{"start":{"line":163,"column":18},"end":{"line":163,"column":34}},"type":"binary-expr","locations":[{"start":{"line":163,"column":18},"end":{"line":163,"column":28}},{"start":{"line":163,"column":32},"end":{"line":163,"column":34}}],"line":163},"21":{"loc":{"start":{"line":179,"column":4},"end":{"line":181,"column":5}},"type":"if","locations":[{"start":{"line":179,"column":4},"end":{"line":181,"column":5}},{"start":{},"end":{}}],"line":179},"22":{"loc":{"start":{"line":179,"column":8},"end":{"line":179,"column":42}},"type":"binary-expr","locations":[{"start":{"line":179,"column":8},"end":{"line":179,"column":17}},{"start":{"line":179,"column":21},"end":{"line":179,"column":42}}],"line":179},"23":{"loc":{"start":{"line":193,"column":4},"end":{"line":195,"column":5}},"type":"if","locations":[{"start":{"line":193,"column":4},"end":{"line":195,"column":5}},{"start":{},"end":{}}],"line":193},"24":{"loc":{"start":{"line":193,"column":8},"end":{"line":193,"column":42}},"type":"binary-expr","locations":[{"start":{"line":193,"column":8},"end":{"line":193,"column":17}},{"start":{"line":193,"column":21},"end":{"line":193,"column":42}}],"line":193}},"s":{"0":1,"1":1,"2":1,"3":4,"4":4,"5":3,"6":2,"7":1,"8":1,"9":1,"10":1,"11":4,"12":4,"13":4,"14":1,"15":3,"16":2,"17":1,"18":1,"19":1,"20":1,"21":1,"22":3,"23":3,"24":3,"25":1,"26":2,"27":1,"28":1,"29":1,"30":1,"31":4,"32":4,"33":4,"34":4,"35":1,"36":3,"37":2,"38":1,"39":1,"40":1,"41":1,"42":1,"43":4,"44":4,"45":4,"46":1,"47":3,"48":2,"49":1,"50":1,"51":1,"52":1,"53":1,"54":3,"55":3,"56":3,"57":2,"58":1,"59":1,"60":1,"61":1,"62":1,"63":1,"64":1,"65":1,"66":4,"67":4,"68":4,"69":3,"70":1,"71":2,"72":1,"73":1,"74":1,"75":1,"76":1,"77":1,"78":1,"79":1,"80":3,"81":3,"82":2,"83":1,"84":1,"85":1,"86":1,"87":1,"88":3,"89":3,"90":2,"91":1,"92":1,"93":1,"94":1,"95":1},"f":{"0":4,"1":4,"2":3,"3":4,"4":4,"5":3,"6":4,"7":3,"8":3},"b":{"0":[2,1],"1":[3,2],"2":[1,0],"3":[1,3],"4":[1,1],"5":[1,2],"6":[3,2],"7":[2,1],"8":[2,2],"9":[2,2],"10":[2,2],"11":[2,1],"12":[1,3],"13":[1,1],"14":[1,3],"15":[1,1],"16":[1,1],"17":[1,0],"18":[1,2],"19":[1,1],"20":[1,1],"21":[1,1],"22":[2,2],"23":[1,1],"24":[2,2]},"_coverageSchema":"1a1c01bbd47fc00a2c39e90264f33305004495a9","hash":"b2d218e218eb4b5f71b5f9e4564a7afb419ab488"}
,"/home/joao-vitor-seiji/Documentos/Trab_Gestão/backend/controllers/userController.js": {"path":"/home/joao-vitor-seiji/Documentos/Trab_Gestão/backend/controllers/userController.js","statementMap":{"0":{"start":{"line":1,"column":20},"end":{"line":1,"column":53}},"1":{"start":{"line":2,"column":17},"end":{"line":2,"column":36}},"2":{"start":{"line":4,"column":31},"end":{"line":18,"column":1}},"3":{"start":{"line":5,"column":4},"end":{"line":16,"column":5}},"4":{"start":{"line":6,"column":22},"end":{"line":6,"column":61}},"5":{"start":{"line":7,"column":8},"end":{"line":11,"column":9}},"6":{"start":{"line":8,"column":12},"end":{"line":8,"column":82}},"7":{"start":{"line":10,"column":12},"end":{"line":10,"column":46}},"8":{"start":{"line":14,"column":8},"end":{"line":14,"column":26}},"9":{"start":{"line":15,"column":8},"end":{"line":15,"column":87}},"10":{"start":{"line":22,"column":31},"end":{"line":40,"column":1}},"11":{"start":{"line":23,"column":4},"end":{"line":39,"column":5}},"12":{"start":{"line":25,"column":19},"end":{"line":25,"column":32}},"13":{"start":{"line":26,"column":8},"end":{"line":28,"column":9}},"14":{"start":{"line":27,"column":12},"end":{"line":27,"column":84}},"15":{"start":{"line":29,"column":21},"end":{"line":29,"column":62}},"16":{"start":{"line":30,"column":8},"end":{"line":32,"column":9}},"17":{"start":{"line":31,"column":12},"end":{"line":31,"column":82}},"18":{"start":{"line":33,"column":8},"end":{"line":33,"column":41}},"19":{"start":{"line":37,"column":8},"end":{"line":37,"column":25}},"20":{"start":{"line":38,"column":8},"end":{"line":38,"column":80}},"21":{"start":{"line":42,"column":29},"end":{"line":54,"column":1}},"22":{"start":{"line":43,"column":4},"end":{"line":53,"column":5}},"23":{"start":{"line":44,"column":21},"end":{"line":44,"column":29}},"24":{"start":{"line":45,"column":8},"end":{"line":47,"column":9}},"25":{"start":{"line":46,"column":12},"end":{"line":46,"column":78}},"26":{"start":{"line":48,"column":21},"end":{"line":48,"column":62}},"27":{"start":{"line":49,"column":8},"end":{"line":49,"column":41}},"28":{"start":{"line":51,"column":8},"end":{"line":51,"column":25}},"29":{"start":{"line":52,"column":8},"end":{"line":52,"column":80}},"30":{"start":{"line":56,"column":29},"end":{"line":72,"column":1}},"31":{"start":{"line":57,"column":4},"end":{"line":71,"column":5}},"32":{"start":{"line":58,"column":21},"end":{"line":58,"column":29}},"33":{"start":{"line":59,"column":19},"end":{"line":59,"column":32}},"34":{"start":{"line":60,"column":8},"end":{"line":62,"column":9}},"35":{"start":{"line":61,"column":12},"end":{"line":61,"column":84}},"36":{"start":{"line":63,"column":8},"end":{"line":65,"column":9}},"37":{"start":{"line":64,"column":12},"end":{"line":64,"column":78}},"38":{"start":{"line":66,"column":21},"end":{"line":66,"column":66}},"39":{"start":{"line":67,"column":8},"end":{"line":67,"column":41}},"40":{"start":{"line":69,"column":8},"end":{"line":69,"column":25}},"41":{"start":{"line":70,"column":8},"end":{"line":70,"column":80}},"42":{"start":{"line":74,"column":29},"end":{"line":87,"column":1}},"43":{"start":{"line":75,"column":4},"end":{"line":86,"column":5}},"44":{"start":{"line":76,"column":19},"end":{"line":76,"column":32}},"45":{"start":{"line":77,"column":8},"end":{"line":79,"column":9}},"46":{"start":{"line":78,"column":12},"end":{"line":78,"column":84}},"47":{"start":{"line":80,"column":28},"end":{"line":80,"column":60}},"48":{"start":{"line":81,"column":8},"end":{"line":81,"column":49}},"49":{"start":{"line":84,"column":8},"end":{"line":84,"column":25}},"50":{"start":{"line":85,"column":8},"end":{"line":85,"column":80}},"51":{"start":{"line":89,"column":0},"end":{"line":95,"column":1}}},"fnMap":{"0":{"name":"(anonymous_0)","decl":{"start":{"line":4,"column":31},"end":{"line":4,"column":32}},"loc":{"start":{"line":4,"column":51},"end":{"line":18,"column":1}},"line":4},"1":{"name":"(anonymous_1)","decl":{"start":{"line":22,"column":31},"end":{"line":22,"column":32}},"loc":{"start":{"line":22,"column":50},"end":{"line":40,"column":1}},"line":22},"2":{"name":"(anonymous_2)","decl":{"start":{"line":42,"column":29},"end":{"line":42,"column":30}},"loc":{"start":{"line":42,"column":49},"end":{"line":54,"column":1}},"line":42},"3":{"name":"(anonymous_3)","decl":{"start":{"line":56,"column":29},"end":{"line":56,"column":30}},"loc":{"start":{"line":56,"column":49},"end":{"line":72,"column":1}},"line":56},"4":{"name":"(anonymous_4)","decl":{"start":{"line":74,"column":29},"end":{"line":74,"column":30}},"loc":{"start":{"line":74,"column":49},"end":{"line":87,"column":1}},"line":74}},"branchMap":{"0":{"loc":{"start":{"line":7,"column":8},"end":{"line":11,"column":9}},"type":"if","locations":[{"start":{"line":7,"column":8},"end":{"line":11,"column":9}},{"start":{"line":9,"column":13},"end":{"line":11,"column":9}}],"line":7},"1":{"loc":{"start":{"line":7,"column":11},"end":{"line":7,"column":38}},"type":"binary-expr","locations":[{"start":{"line":7,"column":11},"end":{"line":7,"column":17}},{"start":{"line":7,"column":21},"end":{"line":7,"column":38}}],"line":7},"2":{"loc":{"start":{"line":26,"column":8},"end":{"line":28,"column":9}},"type":"if","locations":[{"start":{"line":26,"column":8},"end":{"line":28,"column":9}},{"start":{},"end":{}}],"line":26},"3":{"loc":{"start":{"line":30,"column":8},"end":{"line":32,"column":9}},"type":"if","locations":[{"start":{"line":30,"column":8},"end":{"line":32,"column":9}},{"start":{},"end":{}}],"line":30},"4":{"loc":{"start":{"line":45,"column":8},"end":{"line":47,"column":9}},"type":"if","locations":[{"start":{"line":45,"column":8},"end":{"line":47,"column":9}},{"start":{},"end":{}}],"line":45},"5":{"loc":{"start":{"line":45,"column":11},"end":{"line":45,"column":54}},"type":"binary-expr","locations":[{"start":{"line":45,"column":11},"end":{"line":45,"column":21}},{"start":{"line":45,"column":25},"end":{"line":45,"column":36}},{"start":{"line":45,"column":40},"end":{"line":45,"column":54}}],"line":45},"6":{"loc":{"start":{"line":60,"column":8},"end":{"line":62,"column":9}},"type":"if","locations":[{"start":{"line":60,"column":8},"end":{"line":62,"column":9}},{"start":{},"end":{}}],"line":60},"7":{"loc":{"start":{"line":63,"column":8},"end":{"line":65,"column":9}},"type":"if","locations":[{"start":{"line":63,"column":8},"end":{"line":65,"column":9}},{"start":{},"end":{}}],"line":63},"8":{"loc":{"start":{"line":63,"column":11},"end":{"line":63,"column":54}},"type":"binary-expr","locations":[{"start":{"line":63,"column":11},"end":{"line":63,"column":21}},{"start":{"line":63,"column":25},"end":{"line":63,"column":36}},{"start":{"line":63,"column":40},"end":{"line":63,"column":54}}],"line":63},"9":{"loc":{"start":{"line":77,"column":8},"end":{"line":79,"column":9}},"type":"if","locations":[{"start":{"line":77,"column":8},"end":{"line":79,"column":9}},{"start":{},"end":{}}],"line":77}},"s":{"0":1,"1":1,"2":1,"3":2,"4":2,"5":2,"6":1,"7":1,"8":0,"9":0,"10":1,"11":3,"12":3,"13":3,"14":1,"15":2,"16":2,"17":1,"18":1,"19":0,"20":0,"21":1,"22":2,"23":2,"24":2,"25":1,"26":1,"27":1,"28":0,"29":0,"30":1,"31":3,"32":3,"33":3,"34":3,"35":1,"36":2,"37":1,"38":1,"39":1,"40":0,"41":0,"42":1,"43":2,"44":2,"45":2,"46":1,"47":1,"48":1,"49":0,"50":0,"51":1},"f":{"0":2,"1":3,"2":2,"3":3,"4":2},"b":{"0":[1,1],"1":[2,2],"2":[1,2],"3":[1,1],"4":[1,1],"5":[2,2,2],"6":[1,2],"7":[1,1],"8":[2,2,1],"9":[1,1]},"_coverageSchema":"1a1c01bbd47fc00a2c39e90264f33305004495a9","hash":"a274fcbbacc1bdbf6f4f46bfc5322d4f11b25708"}
,"/home/joao-vitor-seiji/Documentos/Trab_Gestão/backend/controllers/vendaController.js": {"path":"/home/joao-vitor-seiji/Documentos/Trab_Gestão/backend/controllers/vendaController.js","statementMap":{"0":{"start":{"line":1,"column":19},"end":{"line":1,"column":49}},"1":{"start":{"line":2,"column":21},"end":{"line":2,"column":53}},"2":{"start":{"line":5,"column":0},"end":{"line":66,"column":2}},"3":{"start":{"line":6,"column":4},"end":{"line":65,"column":5}},"4":{"start":{"line":7,"column":56},"end":{"line":7,"column":64}},"5":{"start":{"line":9,"column":8},"end":{"line":11,"column":9}},"6":{"start":{"line":10,"column":12},"end":{"line":10,"column":79}},"7":{"start":{"line":13,"column":25},"end":{"line":13,"column":26}},"8":{"start":{"line":14,"column":28},"end":{"line":14,"column":30}},"9":{"start":{"line":16,"column":8},"end":{"line":51,"column":9}},"10":{"start":{"line":18,"column":28},"end":{"line":18,"column":71}},"11":{"start":{"line":20,"column":12},"end":{"line":22,"column":13}},"12":{"start":{"line":21,"column":16},"end":{"line":21,"column":107}},"13":{"start":{"line":24,"column":12},"end":{"line":26,"column":13}},"14":{"start":{"line":25,"column":16},"end":{"line":25,"column":143}},"15":{"start":{"line":29,"column":12},"end":{"line":29,"column":59}},"16":{"start":{"line":32,"column":12},"end":{"line":32,"column":83}},"17":{"start":{"line":32,"column":48},"end":{"line":32,"column":83}},"18":{"start":{"line":33,"column":12},"end":{"line":37,"column":15}},"19":{"start":{"line":39,"column":12},"end":{"line":39,"column":33}},"20":{"start":{"line":41,"column":29},"end":{"line":41,"column":60}},"21":{"start":{"line":42,"column":12},"end":{"line":42,"column":35}},"22":{"start":{"line":44,"column":12},"end":{"line":50,"column":15}},"23":{"start":{"line":53,"column":26},"end":{"line":59,"column":10}},"24":{"start":{"line":61,"column":8},"end":{"line":61,"column":40}},"25":{"start":{"line":63,"column":8},"end":{"line":63,"column":57}},"26":{"start":{"line":64,"column":8},"end":{"line":64,"column":99}},"27":{"start":{"line":69,"column":0},"end":{"line":77,"column":2}},"28":{"start":{"line":70,"column":4},"end":{"line":76,"column":5}},"29":{"start":{"line":71,"column":23},"end":{"line":71,"column":65}},"30":{"start":{"line":72,"column":8},"end":{"line":72,"column":25}},"31":{"start":{"line":74,"column":8},"end":{"line":74,"column":55}},"32":{"start":{"line":75,"column":8},"end":{"line":75,"column":67}}},"fnMap":{"0":{"name":"(anonymous_0)","decl":{"start":{"line":5,"column":25},"end":{"line":5,"column":26}},"loc":{"start":{"line":5,"column":45},"end":{"line":66,"column":1}},"line":5},"1":{"name":"(anonymous_1)","decl":{"start":{"line":69,"column":23},"end":{"line":69,"column":24}},"loc":{"start":{"line":69,"column":43},"end":{"line":77,"column":1}},"line":69}},"branchMap":{"0":{"loc":{"start":{"line":9,"column":8},"end":{"line":11,"column":9}},"type":"if","locations":[{"start":{"line":9,"column":8},"end":{"line":11,"column":9}},{"start":{},"end":{}}],"line":9},"1":{"loc":{"start":{"line":9,"column":12},"end":{"line":9,"column":40}},"type":"binary-expr","locations":[{"start":{"line":9,"column":12},"end":{"line":9,"column":18}},{"start":{"line":9,"column":22},"end":{"line":9,"column":40}}],"line":9},"2":{"loc":{"start":{"line":20,"column":12},"end":{"line":22,"column":13}},"type":"if","locations":[{"start":{"line":20,"column":12},"end":{"line":22,"column":13}},{"start":{},"end":{}}],"line":20},"3":{"loc":{"start":{"line":24,"column":12},"end":{"line":26,"column":13}},"type":"if","locations":[{"start":{"line":24,"column":12},"end":{"line":26,"column":13}},{"start":{},"end":{}}],"line":24},"4":{"loc":{"start":{"line":32,"column":12},"end":{"line":32,"column":83}},"type":"if","locations":[{"start":{"line":32,"column":12},"end":{"line":32,"column":83}},{"start":{},"end":{}}],"line":32}},"s":{"0":1,"1":1,"2":1,"3":5,"4":5,"5":5,"6":1,"7":4,"8":4,"9":4,"10":4,"11":3,"12":1,"13":2,"14":1,"15":1,"16":1,"17":0,"18":1,"19":1,"20":1,"21":1,"22":1,"23":1,"24":1,"25":1,"26":1,"27":1,"28":1,"29":1,"30":1,"31":0,"32":0},"f":{"0":5,"1":1},"b":{"0":[1,4],"1":[5,5],"2":[1,2],"3":[1,1],"4":[0,1]},"_coverageSchema":"1a1c01bbd47fc00a2c39e90264f33305004495a9","hash":"2824b34bf46227d0c2c0f6638def18fe857007ef"}
,"/home/joao-vitor-seiji/Documentos/Trab_Gestão/backend/model/atendimentoModel.js": {"path":"/home/joao-vitor-seiji/Documentos/Trab_Gestão/backend/model/atendimentoModel.js","statementMap":{"0":{"start":{"line":1,"column":17},"end":{"line":1,"column":36}},"1":{"start":{"line":3,"column":26},"end":{"line":33,"column":2}},"2":{"start":{"line":35,"column":0},"end":{"line":35,"column":66}}},"fnMap":{},"branchMap":{},"s":{"0":1,"1":1,"2":1},"f":{},"b":{},"_coverageSchema":"1a1c01bbd47fc00a2c39e90264f33305004495a9","hash":"517af12a26184a52eeb556e22517307628f7b70e"}
,"/home/joao-vitor-seiji/Documentos/Trab_Gestão/backend/model/produtoModel.js": {"path":"/home/joao-vitor-seiji/Documentos/Trab_Gestão/backend/model/produtoModel.js","statementMap":{"0":{"start":{"line":1,"column":17},"end":{"line":1,"column":36}},"1":{"start":{"line":3,"column":22},"end":{"line":65,"column":2}},"2":{"start":{"line":67,"column":21},"end":{"line":67,"column":61}},"3":{"start":{"line":68,"column":0},"end":{"line":68,"column":29}}},"fnMap":{},"branchMap":{},"s":{"0":3,"1":3,"2":3,"3":3},"f":{},"b":{},"_coverageSchema":"1a1c01bbd47fc00a2c39e90264f33305004495a9","hash":"330b9ca2e7017ef241dd02ed16b5b224fb30af7a"}
,"/home/joao-vitor-seiji/Documentos/Trab_Gestão/backend/model/usuarioModel.js": {"path":"/home/joao-vitor-seiji/Documentos/Trab_Gestão/backend/model/usuarioModel.js","statementMap":{"0":{"start":{"line":1,"column":17},"end":{"line":1,"column":36}},"1":{"start":{"line":2,"column":15},"end":{"line":2,"column":32}},"2":{"start":{"line":3,"column":19},"end":{"line":36,"column":1}},"3":{"start":{"line":39,"column":0},"end":{"line":45,"column":2}},"4":{"start":{"line":40,"column":4},"end":{"line":40,"column":52}},"5":{"start":{"line":40,"column":38},"end":{"line":40,"column":52}},"6":{"start":{"line":42,"column":17},"end":{"line":42,"column":41}},"7":{"start":{"line":43,"column":4},"end":{"line":43,"column":59}},"8":{"start":{"line":44,"column":4},"end":{"line":44,"column":11}},"9":{"start":{"line":47,"column":18},"end":{"line":47,"column":52}},"10":{"start":{"line":48,"column":0},"end":{"line":48,"column":26}}},"fnMap":{"0":{"name":"(anonymous_0)","decl":{"start":{"line":39,"column":23},"end":{"line":39,"column":24}},"loc":{"start":{"line":39,"column":43},"end":{"line":45,"column":1}},"line":39}},"branchMap":{"0":{"loc":{"start":{"line":40,"column":4},"end":{"line":40,"column":52}},"type":"if","locations":[{"start":{"line":40,"column":4},"end":{"line":40,"column":52}},{"start":{},"end":{}}],"line":40}},"s":{"0":5,"1":5,"2":5,"3":5,"4":4,"5":0,"6":4,"7":4,"8":4,"9":5,"10":5},"f":{"0":4},"b":{"0":[0,4]},"_coverageSchema":"1a1c01bbd47fc00a2c39e90264f33305004495a9","hash":"c9a13f05c38e462197c684dfa091cee2aac911b1"}
,"/home/joao-vitor-seiji/Documentos/Trab_Gestão/backend/model/vendaModel.js": {"path":"/home/joao-vitor-seiji/Documentos/Trab_Gestão/backend/model/vendaModel.js","statementMap":{"0":{"start":{"line":1,"column":17},"end":{"line":1,"column":36}},"1":{"start":{"line":3,"column":20},"end":{"line":18,"column":2}},"2":{"start":{"line":20,"column":0},"end":{"line":20,"column":54}}},"fnMap":{},"branchMap":{},"s":{"0":1,"1":1,"2":1},"f":{},"b":{},"_coverageSchema":"1a1c01bbd47fc00a2c39e90264f33305004495a9","hash":"0b9bb25ea93682054c7143cc210563dc8e130c92"}
,"/home/joao-vitor-seiji/Documentos/Trab_Gestão/backend/service/auth.service.js": {"path":"/home/joao-vitor-seiji/Documentos/Trab_Gestão/backend/service/auth.service.js","statementMap":{"0":{"start":{"line":1,"column":15},"end":{"line":1,"column":32}},"1":{"start":{"line":2,"column":18},"end":{"line":2,"column":50}},"2":{"start":{"line":3,"column":12},"end":{"line":3,"column":35}},"3":{"start":{"line":4,"column":21},"end":{"line":15,"column":1}},"4":{"start":{"line":5,"column":17},"end":{"line":5,"column":49}},"5":{"start":{"line":6,"column":4},"end":{"line":8,"column":5}},"6":{"start":{"line":7,"column":8},"end":{"line":7,"column":49}},"7":{"start":{"line":9,"column":30},"end":{"line":9,"column":75}},"8":{"start":{"line":10,"column":4},"end":{"line":12,"column":5}},"9":{"start":{"line":11,"column":8},"end":{"line":11,"column":44}},"10":{"start":{"line":13,"column":19},"end":{"line":13,"column":94}},"11":{"start":{"line":14,"column":4},"end":{"line":14,"column":24}},"12":{"start":{"line":18,"column":0},"end":{"line":18,"column":31}}},"fnMap":{"0":{"name":"(anonymous_0)","decl":{"start":{"line":4,"column":21},"end":{"line":4,"column":22}},"loc":{"start":{"line":4,"column":48},"end":{"line":15,"column":1}},"line":4}},"branchMap":{"0":{"loc":{"start":{"line":6,"column":4},"end":{"line":8,"column":5}},"type":"if","locations":[{"start":{"line":6,"column":4},"end":{"line":8,"column":5}},{"start":{},"end":{}}],"line":6},"1":{"loc":{"start":{"line":10,"column":4},"end":{"line":12,"column":5}},"type":"if","locations":[{"start":{"line":10,"column":4},"end":{"line":12,"column":5}},{"start":{},"end":{}}],"line":10}},"s":{"0":2,"1":2,"2":2,"3":2,"4":3,"5":3,"6":1,"7":2,"8":2,"9":1,"10":1,"11":1,"12":2},"f":{"0":3},"b":{"0":[1,2],"1":[1,1]},"_coverageSchema":"1a1c01bbd47fc00a2c39e90264f33305004495a9","hash":"355423ba5f1107f82c67fa7472264803fd144dd8"}
,"/home/joao-vitor-seiji/Documentos/Trab_Gestão/backend/service/productService.js": {"path":"/home/joao-vitor-seiji/Documentos/Trab_Gestão/backend/service/productService.js","statementMap":{"0":{"start":{"line":1,"column":21},"end":{"line":1,"column":53}},"1":{"start":{"line":6,"column":4},"end":{"line":6,"column":31}},"2":{"start":{"line":10,"column":4},"end":{"line":10,"column":37}},"3":{"start":{"line":15,"column":4},"end":{"line":15,"column":36}},"4":{"start":{"line":20,"column":4},"end":{"line":20,"column":64}},"5":{"start":{"line":25,"column":4},"end":{"line":25,"column":46}},"6":{"start":{"line":29,"column":4},"end":{"line":31,"column":7}},"7":{"start":{"line":35,"column":17},"end":{"line":35,"column":27}},"8":{"start":{"line":36,"column":18},"end":{"line":36,"column":28}},"9":{"start":{"line":37,"column":4},"end":{"line":37,"column":37}},"10":{"start":{"line":38,"column":4},"end":{"line":40,"column":6}},"11":{"start":{"line":43,"column":0},"end":{"line":51,"column":1}}},"fnMap":{"0":{"name":"findAllProductsService","decl":{"start":{"line":5,"column":9},"end":{"line":5,"column":31}},"loc":{"start":{"line":5,"column":34},"end":{"line":7,"column":1}},"line":5},"1":{"name":"findProductByIdService","decl":{"start":{"line":9,"column":9},"end":{"line":9,"column":31}},"loc":{"start":{"line":9,"column":35},"end":{"line":11,"column":1}},"line":9},"2":{"name":"createProductService","decl":{"start":{"line":14,"column":9},"end":{"line":14,"column":29}},"loc":{"start":{"line":14,"column":35},"end":{"line":16,"column":1}},"line":14},"3":{"name":"updateProductService","decl":{"start":{"line":19,"column":9},"end":{"line":19,"column":29}},"loc":{"start":{"line":19,"column":39},"end":{"line":21,"column":1}},"line":19},"4":{"name":"deleteProductByIdService","decl":{"start":{"line":24,"column":9},"end":{"line":24,"column":33}},"loc":{"start":{"line":24,"column":37},"end":{"line":26,"column":1}},"line":24},"5":{"name":"findCriticalStorageService","decl":{"start":{"line":28,"column":9},"end":{"line":28,"column":35}},"loc":{"start":{"line":28,"column":37},"end":{"line":32,"column":1}},"line":28},"6":{"name":"findCriticalExpirationDateService","decl":{"start":{"line":34,"column":9},"end":{"line":34,"column":42}},"loc":{"start":{"line":34,"column":44},"end":{"line":41,"column":1}},"line":34}},"branchMap":{},"s":{"0":2,"1":1,"2":1,"3":1,"4":1,"5":1,"6":1,"7":1,"8":1,"9":1,"10":1,"11":2},"f":{"0":1,"1":1,"2":1,"3":1,"4":1,"5":1,"6":1},"b":{},"_coverageSchema":"1a1c01bbd47fc00a2c39e90264f33305004495a9","hash":"2c1c0af0ae8ba7ed219e630311b14e95c1dd48b7"}
,"/home/joao-vitor-seiji/Documentos/Trab_Gestão/backend/service/userService.js": {"path":"/home/joao-vitor-seiji/Documentos/Trab_Gestão/backend/service/userService.js","statementMap":{"0":{"start":{"line":1,"column":18},"end":{"line":1,"column":50}},"1":{"start":{"line":5,"column":4},"end":{"line":5,"column":28}},"2":{"start":{"line":9,"column":4},"end":{"line":9,"column":34}},"3":{"start":{"line":13,"column":4},"end":{"line":13,"column":33}},"4":{"start":{"line":17,"column":4},"end":{"line":17,"column":62}},"5":{"start":{"line":21,"column":4},"end":{"line":21,"column":43}},"6":{"start":{"line":25,"column":0},"end":{"line":31,"column":1}}},"fnMap":{"0":{"name":"findAllUsersService","decl":{"start":{"line":4,"column":9},"end":{"line":4,"column":28}},"loc":{"start":{"line":4,"column":31},"end":{"line":6,"column":1}},"line":4},"1":{"name":"findUserByIdService","decl":{"start":{"line":8,"column":9},"end":{"line":8,"column":28}},"loc":{"start":{"line":8,"column":32},"end":{"line":10,"column":1}},"line":8},"2":{"name":"createUserService","decl":{"start":{"line":12,"column":9},"end":{"line":12,"column":26}},"loc":{"start":{"line":12,"column":32},"end":{"line":14,"column":1}},"line":12},"3":{"name":"updateUserService","decl":{"start":{"line":16,"column":9},"end":{"line":16,"column":26}},"loc":{"start":{"line":16,"column":36},"end":{"line":18,"column":1}},"line":16},"4":{"name":"deleteUser","decl":{"start":{"line":20,"column":9},"end":{"line":20,"column":19}},"loc":{"start":{"line":20,"column":23},"end":{"line":22,"column":1}},"line":20}},"branchMap":{},"s":{"0":2,"1":1,"2":1,"3":1,"4":1,"5":1,"6":2},"f":{"0":1,"1":1,"2":1,"3":1,"4":1},"b":{},"_coverageSchema":"1a1c01bbd47fc00a2c39e90264f33305004495a9","hash":"db658f625d189bde3afb7963e1daf0f2ce4b26e9"}
}
