TN:
SF:controllers/atendimentoController.js
FN:4,(anonymous_0)
FN:35,(anonymous_1)
FN:55,(anonymous_2)
FNF:3
FNH:3
FNDA:4,(anonymous_0)
FNDA:3,(anonymous_1)
FNDA:3,(anonymous_2)
DA:1,1
DA:4,1
DA:5,4
DA:7,4
DA:10,4
DA:11,1
DA:13,3
DA:14,1
DA:18,2
DA:26,1
DA:29,1
DA:30,1
DA:35,1
DA:36,3
DA:38,3
DA:40,3
DA:42,3
DA:43,1
DA:46,3
DA:47,2
DA:49,1
DA:50,1
DA:55,1
DA:56,3
DA:57,3
DA:58,3
DA:60,3
DA:66,2
DA:67,1
DA:69,1
DA:71,1
DA:72,1
LF:32
LH:32
BRDA:10,0,0,1
BRDA:10,0,1,3
BRDA:10,1,0,4
BRDA:10,1,1,3
BRDA:13,2,0,1
BRDA:13,2,1,2
BRDA:13,3,0,3
BRDA:13,3,1,3
BRDA:42,4,0,1
BRDA:42,4,1,2
BRDA:66,5,0,1
BRDA:66,5,1,1
BRF:12
BRH:12
end_of_record
TN:
SF:controllers/auth.controller.js
FN:3,(anonymous_0)
FNF:1
FNH:1
FNDA:4,(anonymous_0)
DA:1,1
DA:3,1
DA:4,4
DA:5,4
DA:6,4
DA:7,1
DA:16,3
DA:17,2
DA:20,1
DA:21,0
DA:26,1
LF:11
LH:10
BRDA:16,0,0,2
BRDA:16,0,1,1
BRDA:16,1,0,3
BRDA:16,1,1,2
BRF:4
BRH:4
end_of_record
TN:
SF:controllers/productController.js
FN:5,(anonymous_0)
FN:19,(anonymous_1)
FN:37,(anonymous_2)
FN:84,(anonymous_3)
FN:107,(anonymous_4)
FN:125,(anonymous_5)
FN:149,(anonymous_6)
FN:176,(anonymous_7)
FN:190,(anonymous_8)
FNF:9
FNH:9
FNDA:4,(anonymous_0)
FNDA:4,(anonymous_1)
FNDA:3,(anonymous_2)
FNDA:4,(anonymous_3)
FNDA:4,(anonymous_4)
FNDA:3,(anonymous_5)
FNDA:4,(anonymous_6)
FNDA:3,(anonymous_7)
FNDA:3,(anonymous_8)
DA:1,1
DA:2,1
DA:5,1
DA:6,4
DA:7,4
DA:8,3
DA:9,2
DA:11,1
DA:13,1
DA:14,1
DA:19,1
DA:20,4
DA:21,4
DA:22,4
DA:23,1
DA:26,3
DA:27,2
DA:29,1
DA:31,1
DA:32,1
DA:37,1
DA:38,3
DA:52,3
DA:54,3
DA:55,1
DA:58,2
DA:73,1
DA:78,1
DA:79,1
DA:84,1
DA:85,4
DA:86,4
DA:87,4
DA:89,4
DA:90,1
DA:93,3
DA:94,2
DA:96,1
DA:101,1
DA:102,1
DA:107,1
DA:108,4
DA:109,4
DA:110,4
DA:111,1
DA:114,3
DA:115,2
DA:117,1
DA:119,1
DA:120,1
DA:125,1
DA:126,3
DA:127,3
DA:128,3
DA:130,2
DA:132,1
DA:133,1
DA:140,1
DA:141,1
DA:143,1
DA:144,1
DA:149,1
DA:150,4
DA:151,4
DA:152,4
DA:154,3
DA:155,2
DA:156,1
DA:159,1
DA:160,1
DA:167,1
DA:168,1
DA:170,1
DA:171,1
DA:176,1
DA:177,3
DA:178,3
DA:179,2
DA:180,1
DA:182,1
DA:184,1
DA:185,1
DA:190,1
DA:191,3
DA:192,3
DA:193,2
DA:194,1
DA:196,1
DA:198,1
DA:199,1
DA:203,1
LF:91
LH:91
BRDA:8,0,0,2
BRDA:8,0,1,1
BRDA:8,1,0,3
BRDA:8,1,1,2
BRDA:14,2,0,1
BRDA:14,2,1,0
BRDA:22,3,0,1
BRDA:22,3,1,3
BRDA:27,4,0,1
BRDA:27,4,1,1
BRDA:54,5,0,1
BRDA:54,5,1,2
BRDA:54,6,0,3
BRDA:54,6,1,2
BRDA:65,7,0,2
BRDA:65,7,1,1
BRDA:66,8,0,2
BRDA:66,8,1,2
BRDA:68,9,0,2
BRDA:68,9,1,2
BRDA:69,10,0,2
BRDA:69,10,1,2
BRDA:70,11,0,2
BRDA:70,11,1,1
BRDA:89,12,0,1
BRDA:89,12,1,3
BRDA:94,13,0,1
BRDA:94,13,1,1
BRDA:110,14,0,1
BRDA:110,14,1,3
BRDA:115,15,0,1
BRDA:115,15,1,1
BRDA:130,16,0,1
BRDA:130,16,1,1
BRDA:136,17,0,1
BRDA:136,17,1,0
BRDA:154,18,0,1
BRDA:154,18,1,2
BRDA:155,19,0,1
BRDA:155,19,1,1
BRDA:163,20,0,1
BRDA:163,20,1,1
BRDA:179,21,0,1
BRDA:179,21,1,1
BRDA:179,22,0,2
BRDA:179,22,1,2
BRDA:193,23,0,1
BRDA:193,23,1,1
BRDA:193,24,0,2
BRDA:193,24,1,2
BRF:50
BRH:48
end_of_record
TN:
SF:controllers/userController.js
FN:4,(anonymous_0)
FN:22,(anonymous_1)
FN:42,(anonymous_2)
FN:56,(anonymous_3)
FN:74,(anonymous_4)
FNF:5
FNH:5
FNDA:2,(anonymous_0)
FNDA:3,(anonymous_1)
FNDA:2,(anonymous_2)
FNDA:3,(anonymous_3)
FNDA:2,(anonymous_4)
DA:1,1
DA:2,1
DA:4,1
DA:5,2
DA:6,2
DA:7,2
DA:8,1
DA:10,1
DA:14,0
DA:15,0
DA:22,1
DA:23,3
DA:25,3
DA:26,3
DA:27,1
DA:29,2
DA:30,2
DA:31,1
DA:33,1
DA:37,0
DA:38,0
DA:42,1
DA:43,2
DA:44,2
DA:45,2
DA:46,1
DA:48,1
DA:49,1
DA:51,0
DA:52,0
DA:56,1
DA:57,3
DA:58,3
DA:59,3
DA:60,3
DA:61,1
DA:63,2
DA:64,1
DA:66,1
DA:67,1
DA:69,0
DA:70,0
DA:74,1
DA:75,2
DA:76,2
DA:77,2
DA:78,1
DA:80,1
DA:81,1
DA:84,0
DA:85,0
DA:89,1
LF:52
LH:42
BRDA:7,0,0,1
BRDA:7,0,1,1
BRDA:7,1,0,2
BRDA:7,1,1,2
BRDA:26,2,0,1
BRDA:26,2,1,2
BRDA:30,3,0,1
BRDA:30,3,1,1
BRDA:45,4,0,1
BRDA:45,4,1,1
BRDA:45,5,0,2
BRDA:45,5,1,2
BRDA:45,5,2,2
BRDA:60,6,0,1
BRDA:60,6,1,2
BRDA:63,7,0,1
BRDA:63,7,1,1
BRDA:63,8,0,2
BRDA:63,8,1,2
BRDA:63,8,2,1
BRDA:77,9,0,1
BRDA:77,9,1,1
BRF:22
BRH:22
end_of_record
TN:
SF:controllers/vendaController.js
FN:5,(anonymous_0)
FN:69,(anonymous_1)
FNF:2
FNH:2
FNDA:5,(anonymous_0)
FNDA:1,(anonymous_1)
DA:1,1
DA:2,1
DA:5,1
DA:6,5
DA:7,5
DA:9,5
DA:10,1
DA:13,4
DA:14,4
DA:16,4
DA:18,4
DA:20,3
DA:21,1
DA:24,2
DA:25,1
DA:29,1
DA:32,1
DA:33,1
DA:39,1
DA:41,1
DA:42,1
DA:44,1
DA:53,1
DA:61,1
DA:63,1
DA:64,1
DA:69,1
DA:70,1
DA:71,1
DA:72,1
DA:74,0
DA:75,0
LF:32
LH:30
BRDA:9,0,0,1
BRDA:9,0,1,4
BRDA:9,1,0,5
BRDA:9,1,1,5
BRDA:20,2,0,1
BRDA:20,2,1,2
BRDA:24,3,0,1
BRDA:24,3,1,1
BRDA:32,4,0,0
BRDA:32,4,1,1
BRF:10
BRH:9
end_of_record
TN:
SF:model/atendimentoModel.js
FNF:0
FNH:0
DA:1,1
DA:3,1
DA:35,1
LF:3
LH:3
BRF:0
BRH:0
end_of_record
TN:
SF:model/produtoModel.js
FNF:0
FNH:0
DA:1,3
DA:3,3
DA:67,3
DA:68,3
LF:4
LH:4
BRF:0
BRH:0
end_of_record
TN:
SF:model/usuarioModel.js
FN:39,(anonymous_0)
FNF:1
FNH:1
FNDA:4,(anonymous_0)
DA:1,5
DA:2,5
DA:3,5
DA:39,5
DA:40,4
DA:42,4
DA:43,4
DA:44,4
DA:47,5
DA:48,5
LF:10
LH:10
BRDA:40,0,0,0
BRDA:40,0,1,4
BRF:2
BRH:1
end_of_record
TN:
SF:model/vendaModel.js
FNF:0
FNH:0
DA:1,1
DA:3,1
DA:20,1
LF:3
LH:3
BRF:0
BRH:0
end_of_record
TN:
SF:service/auth.service.js
FN:4,(anonymous_0)
FNF:1
FNH:1
FNDA:3,(anonymous_0)
DA:1,2
DA:2,2
DA:3,2
DA:4,2
DA:5,3
DA:6,3
DA:7,1
DA:9,2
DA:10,2
DA:11,1
DA:13,1
DA:14,1
DA:18,2
LF:13
LH:13
BRDA:6,0,0,1
BRDA:6,0,1,2
BRDA:10,1,0,1
BRDA:10,1,1,1
BRF:4
BRH:4
end_of_record
TN:
SF:service/productService.js
FN:5,findAllProductsService
FN:9,findProductByIdService
FN:14,createProductService
FN:19,updateProductService
FN:24,deleteProductByIdService
FN:28,findCriticalStorageService
FN:34,findCriticalExpirationDateService
FNF:7
FNH:7
FNDA:1,findAllProductsService
FNDA:1,findProductByIdService
FNDA:1,createProductService
FNDA:1,updateProductService
FNDA:1,deleteProductByIdService
FNDA:1,findCriticalStorageService
FNDA:1,findCriticalExpirationDateService
DA:1,2
DA:6,1
DA:10,1
DA:15,1
DA:20,1
DA:25,1
DA:29,1
DA:35,1
DA:36,1
DA:37,1
DA:38,1
DA:43,2
LF:12
LH:12
BRF:0
BRH:0
end_of_record
TN:
SF:service/userService.js
FN:4,findAllUsersService
FN:8,findUserByIdService
FN:12,createUserService
FN:16,updateUserService
FN:20,deleteUser
FNF:5
FNH:5
FNDA:1,findAllUsersService
FNDA:1,findUserByIdService
FNDA:1,createUserService
FNDA:1,updateUserService
FNDA:1,deleteUser
DA:1,2
DA:5,1
DA:9,1
DA:13,1
DA:17,1
DA:21,1
DA:25,2
LF:7
LH:7
BRF:0
BRH:0
end_of_record
